<?xml version="1.0" encoding="UTF-8"?>
<!-- Generated by org.testng.reporters.JUnitReportReporter -->
<testsuite hostname="LAPTOP-H3GEFRBU" name="datadriven.ExcelExample" tests="2" failures="0" timestamp="7 Oct 2021 09:57:20 GMT" time="17.754" errors="0">
  <testcase name="demoClass" time="8.606" classname="datadriven.ExcelExample"/>
  <testcase name="demoClass" time="9.148" classname="datadriven.ExcelExample"/>
</testsuite> <!-- datadriven.ExcelExample -->
