<?xml version="1.0" encoding="UTF-8"?>
<!-- Generated by org.testng.reporters.JUnitReportReporter -->
<testsuite hostname="LAPTOP-H3GEFRBU" name="Example.Jenkins1" tests="1" failures="0" timestamp="29 Oct 2021 09:57:37 GMT" time="5.126" errors="0">
  <testcase name="testEasy" time="5.126" classname="Example.Jenkins1"/>
</testsuite> <!-- Example.Jenkins1 -->
