<?xml version="1.0" encoding="UTF-8"?>
<!-- Generated by org.testng.reporters.JUnitReportReporter -->
<testsuite hostname="LAPTOP-H3GEFRBU" name="Example.Jenkins1" tests="1" failures="0" timestamp="22 Oct 2021 09:54:52 GMT" time="6.557" errors="0">
  <testcase name="testEasy" time="6.557" classname="Example.Jenkins1"/>
</testsuite> <!-- Example.Jenkins1 -->
