<?xml version="1.0" encoding="UTF-8"?>
<!-- Generated by org.testng.reporters.JUnitReportReporter -->
<testsuite skipped="0" hostname="LAPTOP-H3GEFRBU" name="example.NewTest" tests="1" failures="0" timestamp="29 Oct 2021 04:14:25 GMT" time="3.678" errors="0">
  <testcase name="testEasy" time="3.678" classname="example.NewTest"/>
</testsuite> <!-- example.NewTest -->
